Application/build/intermediates/manifest_merge_blame_file/debug/manifest-merger-blame-debug-report.txt
1<?xml version="1.0" encoding="utf-8"?>
2<manifest xmlns:android="http://schemas.android.com/apk/res/android"
3    package="com.android.BLE.Device"
4    android:versionCode="1"
5    android:versionName="1.0" >
6
7    <uses-sdk
8        android:minSdkVersion="28"
8-->src/main/AndroidManifest.xml
9        android:targetSdkVersion="32" />
9-->src/main/AndroidManifest.xml
10
11    <uses-feature
11-->src/main/AndroidManifest.xml:8:5-89
12        android:name="android.hardware.bluetooth_le"
12-->src/main/AndroidManifest.xml:8:19-63
13        android:required="true" />
13-->src/main/AndroidManifest.xml:8:64-87
14
15    <uses-permission android:name="android.permission.BLUETOOTH" />
15-->src/main/AndroidManifest.xml:10:5-67
15-->src/main/AndroidManifest.xml:10:22-65
16    <uses-permission android:name="android.permission.BLUETOOTH_ADMIN" />
16-->src/main/AndroidManifest.xml:11:5-73
16-->src/main/AndroidManifest.xml:11:22-71
17    <uses-permission android:name="android.permission.ACCESS_FINE_LOCATION" />
17-->src/main/AndroidManifest.xml:12:5-78
17-->src/main/AndroidManifest.xml:12:22-76
18    <uses-permission android:name="android.permission.ACCESS_COARSE_LOCATION" />
18-->src/main/AndroidManifest.xml:13:5-80
18-->src/main/AndroidManifest.xml:13:22-78
19    <uses-permission android:name="android.permission.BLUETOOTH_CONNECT" />
19-->src/main/AndroidManifest.xml:15:5-76
19-->src/main/AndroidManifest.xml:15:22-73
20    <uses-permission android:name="android.permission.BLUETOOTH_SCAN" />
20-->src/main/AndroidManifest.xml:16:5-73
20-->src/main/AndroidManifest.xml:16:22-70
21
22    <application
22-->src/main/AndroidManifest.xml:18:5-31:19
23        android:appComponentFactory="androidx.core.app.CoreComponentFactory"
23-->[androidx.core:core:1.0.0] AndroidManifest.xml:22:18-86
24        android:debuggable="true"
25        android:extractNativeLibs="false"
26        android:icon="@drawable/ic_launcher"
26-->src/main/AndroidManifest.xml:19:9-45
27        android:label="@string/app_name"
27-->src/main/AndroidManifest.xml:18:18-50
28        android:testOnly="true"
29        android:theme="@style/AppTheme" >
29-->src/main/AndroidManifest.xml:20:9-40
30        <activity
30-->src/main/AndroidManifest.xml:21:9-28:20
31            android:name="com.android.BLE.Device.DeviceScanActivity"
31-->src/main/AndroidManifest.xml:21:19-53
32            android:exported="true"
32-->src/main/AndroidManifest.xml:23:13-36
33            android:label="@string/app_name" >
33-->src/main/AndroidManifest.xml:22:13-45
34            <intent-filter>
34-->src/main/AndroidManifest.xml:24:13-27:29
35                <action android:name="android.intent.action.MAIN" />
35-->src/main/AndroidManifest.xml:25:17-68
35-->src/main/AndroidManifest.xml:25:25-66
36
37                <category android:name="android.intent.category.LAUNCHER" />
37-->src/main/AndroidManifest.xml:26:17-76
37-->src/main/AndroidManifest.xml:26:27-74
38            </intent-filter>
39        </activity>
40        <activity android:name="com.android.BLE.Device.DeviceControlActivity" />
40-->src/main/AndroidManifest.xml:29:9-58
40-->src/main/AndroidManifest.xml:29:19-56
41
42        <service
42-->src/main/AndroidManifest.xml:30:9-77
43            android:name="com.android.BLE.Device.BluetoothLeService"
43-->src/main/AndroidManifest.xml:30:18-52
44            android:enabled="true" />
44-->src/main/AndroidManifest.xml:30:53-75
45    </application>
46
47</manifest>